The system is: Linux - 5.4.0-37-generic - x86_64
Compiling the C compiler identification source file "CMakeCCompilerId.c" succeeded.
Compiler: /bin/c99-gcc 
Build flags: 
Id flags:  

The output was:
0


Compilation of the C compiler identification source "CMakeCCompilerId.c" produced "a.out"

The C compiler identification is GNU, found in "/home/neysofu/Projects/zorro/app/avenger/bin/CMakeFiles/3.16.3/CompilerIdC/a.out"

Determining if the C compiler works passed with the following output:
Change Dir: /home/neysofu/Projects/zorro/app/avenger/bin/CMakeFiles/CMakeTmp

Run Build Command(s):/usr/bin/ninja cmTC_8b95e && [1/2] Building C object CMakeFiles/cmTC_8b95e.dir/testCCompiler.c.o
[2/2] Linking C executable cmTC_8b95e



Detecting C compiler ABI info compiled with the following output:
Change Dir: /home/neysofu/Projects/zorro/app/avenger/bin/CMakeFiles/CMakeTmp

Run Build Command(s):/usr/bin/ninja cmTC_944a6 && [1/2] Building C object CMakeFiles/cmTC_944a6.dir/CMakeCCompilerABI.c.o
Using built-in specs.
COLLECT_GCC=gcc
OFFLOAD_TARGET_NAMES=nvptx-none:hsa
OFFLOAD_TARGET_DEFAULT=1
Target: x86_64-linux-gnu
Configured with: ../src/configure -v --with-pkgversion='Ubuntu 9.3.0-10ubuntu2' --with-bugurl=file:///usr/share/doc/gcc-9/README.Bugs --enable-languages=c,ada,c++,go,brig,d,fortran,objc,obj-c++,gm2 --prefix=/usr --with-gcc-major-version-only --program-suffix=-9 --program-prefix=x86_64-linux-gnu- --enable-shared --enable-linker-build-id --libexecdir=/usr/lib --without-included-gettext --enable-threads=posix --libdir=/usr/lib --enable-nls --enable-clocale=gnu --enable-libstdcxx-debug --enable-libstdcxx-time=yes --with-default-libstdcxx-abi=new --enable-gnu-unique-object --disable-vtable-verify --enable-plugin --enable-default-pie --with-system-zlib --with-target-system-zlib=auto --enable-objc-gc=auto --enable-multiarch --disable-werror --with-arch-32=i686 --with-abi=m64 --with-multilib-list=m32,m64,mx32 --enable-multilib --with-tune=generic --enable-offload-targets=nvptx-none,hsa --without-cuda-driver --enable-checking=release --build=x86_64-linux-gnu --host=x86_64-linux-gnu --target=x86_64-linux-gnu
Thread model: posix
gcc version 9.3.0 (Ubuntu 9.3.0-10ubuntu2) 
COLLECT_GCC_OPTIONS='-std=c99' '-v' '-o' 'CMakeFiles/cmTC_944a6.dir/CMakeCCompilerABI.c.o' '-c' '-mtune=generic' '-march=x86-64'
 /usr/lib/gcc/x86_64-linux-gnu/9/cc1 -quiet -v -imultiarch x86_64-linux-gnu /usr/share/cmake-3.16/Modules/CMakeCCompilerABI.c -quiet -dumpbase CMakeCCompilerABI.c -mtune=generic -march=x86-64 -auxbase-strip CMakeFiles/cmTC_944a6.dir/CMakeCCompilerABI.c.o -std=c99 -version -fasynchronous-unwind-tables -fstack-protector-strong -Wformat -Wformat-security -fstack-clash-protection -fcf-protection -o /tmp/cc4QBriv.s
GNU C99 (Ubuntu 9.3.0-10ubuntu2) version 9.3.0 (x86_64-linux-gnu)
	compiled by GNU C version 9.3.0, GMP version 6.2.0, MPFR version 4.0.2, MPC version 1.1.0, isl version isl-0.22.1-GMP

GGC heuristics: --param ggc-min-expand=100 --param ggc-min-heapsize=131072
ignoring nonexistent directory "/usr/local/include/x86_64-linux-gnu"
ignoring nonexistent directory "/usr/lib/gcc/x86_64-linux-gnu/9/include-fixed"
ignoring nonexistent directory "/usr/lib/gcc/x86_64-linux-gnu/9/../../../../x86_64-linux-gnu/include"
#include "..." search starts here:
#include <...> search starts here:
 /usr/lib/gcc/x86_64-linux-gnu/9/include
 /usr/local/include
 /usr/include/x86_64-linux-gnu
 /usr/include
End of search list.
GNU C99 (Ubuntu 9.3.0-10ubuntu2) version 9.3.0 (x86_64-linux-gnu)
	compiled by GNU C version 9.3.0, GMP version 6.2.0, MPFR version 4.0.2, MPC version 1.1.0, isl version isl-0.22.1-GMP

GGC heuristics: --param ggc-min-expand=100 --param ggc-min-heapsize=131072
Compiler executable checksum: 18dc4c39b54390aa2b5013fb4339d43f
COLLECT_GCC_OPTIONS='-std=c99' '-v' '-o' 'CMakeFiles/cmTC_944a6.dir/CMakeCCompilerABI.c.o' '-c' '-mtune=generic' '-march=x86-64'
 as -v --64 -o CMakeFiles/cmTC_944a6.dir/CMakeCCompilerABI.c.o /tmp/cc4QBriv.s
GNU assembler version 2.34 (x86_64-linux-gnu) using BFD version (GNU Binutils for Ubuntu) 2.34
COMPILER_PATH=/usr/lib/gcc/x86_64-linux-gnu/9/:/usr/lib/gcc/x86_64-linux-gnu/9/:/usr/lib/gcc/x86_64-linux-gnu/:/usr/lib/gcc/x86_64-linux-gnu/9/:/usr/lib/gcc/x86_64-linux-gnu/
LIBRARY_PATH=/usr/lib/gcc/x86_64-linux-gnu/9/:/usr/lib/gcc/x86_64-linux-gnu/9/../../../x86_64-linux-gnu/:/usr/lib/gcc/x86_64-linux-gnu/9/../../../../lib/:/lib/x86_64-linux-gnu/:/lib/../lib/:/usr/lib/x86_64-linux-gnu/:/usr/lib/../lib/:/usr/lib/gcc/x86_64-linux-gnu/9/../../../:/lib/:/usr/lib/
COLLECT_GCC_OPTIONS='-std=c99' '-v' '-o' 'CMakeFiles/cmTC_944a6.dir/CMakeCCompilerABI.c.o' '-c' '-mtune=generic' '-march=x86-64'
[2/2] Linking C executable cmTC_944a6
Using built-in specs.
COLLECT_GCC=gcc
COLLECT_LTO_WRAPPER=/usr/lib/gcc/x86_64-linux-gnu/9/lto-wrapper
OFFLOAD_TARGET_NAMES=nvptx-none:hsa
OFFLOAD_TARGET_DEFAULT=1
Target: x86_64-linux-gnu
Configured with: ../src/configure -v --with-pkgversion='Ubuntu 9.3.0-10ubuntu2' --with-bugurl=file:///usr/share/doc/gcc-9/README.Bugs --enable-languages=c,ada,c++,go,brig,d,fortran,objc,obj-c++,gm2 --prefix=/usr --with-gcc-major-version-only --program-suffix=-9 --program-prefix=x86_64-linux-gnu- --enable-shared --enable-linker-build-id --libexecdir=/usr/lib --without-included-gettext --enable-threads=posix --libdir=/usr/lib --enable-nls --enable-clocale=gnu --enable-libstdcxx-debug --enable-libstdcxx-time=yes --with-default-libstdcxx-abi=new --enable-gnu-unique-object --disable-vtable-verify --enable-plugin --enable-default-pie --with-system-zlib --with-target-system-zlib=auto --enable-objc-gc=auto --enable-multiarch --disable-werror --with-arch-32=i686 --with-abi=m64 --with-multilib-list=m32,m64,mx32 --enable-multilib --with-tune=generic --enable-offload-targets=nvptx-none,hsa --without-cuda-driver --enable-checking=release --build=x86_64-linux-gnu --host=x86_64-linux-gnu --target=x86_64-linux-gnu
Thread model: posix
gcc version 9.3.0 (Ubuntu 9.3.0-10ubuntu2) 
COMPILER_PATH=/usr/lib/gcc/x86_64-linux-gnu/9/:/usr/lib/gcc/x86_64-linux-gnu/9/:/usr/lib/gcc/x86_64-linux-gnu/:/usr/lib/gcc/x86_64-linux-gnu/9/:/usr/lib/gcc/x86_64-linux-gnu/
LIBRARY_PATH=/usr/lib/gcc/x86_64-linux-gnu/9/:/usr/lib/gcc/x86_64-linux-gnu/9/../../../x86_64-linux-gnu/:/usr/lib/gcc/x86_64-linux-gnu/9/../../../../lib/:/lib/x86_64-linux-gnu/:/lib/../lib/:/usr/lib/x86_64-linux-gnu/:/usr/lib/../lib/:/usr/lib/gcc/x86_64-linux-gnu/9/../../../:/lib/:/usr/lib/
COLLECT_GCC_OPTIONS='-std=c99' '-v' '-o' 'cmTC_944a6' '-mtune=generic' '-march=x86-64'
 /usr/lib/gcc/x86_64-linux-gnu/9/collect2 -plugin /usr/lib/gcc/x86_64-linux-gnu/9/liblto_plugin.so -plugin-opt=/usr/lib/gcc/x86_64-linux-gnu/9/lto-wrapper -plugin-opt=-fresolution=/tmp/ccMBEeUS.res -plugin-opt=-pass-through=-lgcc -plugin-opt=-pass-through=-lgcc_s -plugin-opt=-pass-through=-lc -plugin-opt=-pass-through=-lgcc -plugin-opt=-pass-through=-lgcc_s --build-id --eh-frame-hdr -m elf_x86_64 --hash-style=gnu --as-needed -dynamic-linker /lib64/ld-linux-x86-64.so.2 -pie -z now -z relro -o cmTC_944a6 /usr/lib/gcc/x86_64-linux-gnu/9/../../../x86_64-linux-gnu/Scrt1.o /usr/lib/gcc/x86_64-linux-gnu/9/../../../x86_64-linux-gnu/crti.o /usr/lib/gcc/x86_64-linux-gnu/9/crtbeginS.o -L/usr/lib/gcc/x86_64-linux-gnu/9 -L/usr/lib/gcc/x86_64-linux-gnu/9/../../../x86_64-linux-gnu -L/usr/lib/gcc/x86_64-linux-gnu/9/../../../../lib -L/lib/x86_64-linux-gnu -L/lib/../lib -L/usr/lib/x86_64-linux-gnu -L/usr/lib/../lib -L/usr/lib/gcc/x86_64-linux-gnu/9/../../.. CMakeFiles/cmTC_944a6.dir/CMakeCCompilerABI.c.o -lgcc --push-state --as-needed -lgcc_s --pop-state -lc -lgcc --push-state --as-needed -lgcc_s --pop-state /usr/lib/gcc/x86_64-linux-gnu/9/crtendS.o /usr/lib/gcc/x86_64-linux-gnu/9/../../../x86_64-linux-gnu/crtn.o
COLLECT_GCC_OPTIONS='-std=c99' '-v' '-o' 'cmTC_944a6' '-mtune=generic' '-march=x86-64'



Parsed C implicit include dir info from above output: rv=done
  found start of include info
  found start of implicit include info
    add: [/usr/lib/gcc/x86_64-linux-gnu/9/include]
    add: [/usr/local/include]
    add: [/usr/include/x86_64-linux-gnu]
    add: [/usr/include]
  end of search list found
  collapse include dir [/usr/lib/gcc/x86_64-linux-gnu/9/include] ==> [/usr/lib/gcc/x86_64-linux-gnu/9/include]
  collapse include dir [/usr/local/include] ==> [/usr/local/include]
  collapse include dir [/usr/include/x86_64-linux-gnu] ==> [/usr/include/x86_64-linux-gnu]
  collapse include dir [/usr/include] ==> [/usr/include]
  implicit include dirs: [/usr/lib/gcc/x86_64-linux-gnu/9/include;/usr/local/include;/usr/include/x86_64-linux-gnu;/usr/include]


Parsed C implicit link information from above output:
  link line regex: [^( *|.*[/\])(ld|CMAKE_LINK_STARTFILE-NOTFOUND|([^/\]+-)?ld|collect2)[^/\]*( |$)]
  ignore line: [Change Dir: /home/neysofu/Projects/zorro/app/avenger/bin/CMakeFiles/CMakeTmp]
  ignore line: []
  ignore line: [Run Build Command(s):/usr/bin/ninja cmTC_944a6 && [1/2] Building C object CMakeFiles/cmTC_944a6.dir/CMakeCCompilerABI.c.o]
  ignore line: [Using built-in specs.]
  ignore line: [COLLECT_GCC=gcc]
  ignore line: [OFFLOAD_TARGET_NAMES=nvptx-none:hsa]
  ignore line: [OFFLOAD_TARGET_DEFAULT=1]
  ignore line: [Target: x86_64-linux-gnu]
  ignore line: [Configured with: ../src/configure -v --with-pkgversion='Ubuntu 9.3.0-10ubuntu2' --with-bugurl=file:///usr/share/doc/gcc-9/README.Bugs --enable-languages=c ada c++ go brig d fortran objc obj-c++ gm2 --prefix=/usr --with-gcc-major-version-only --program-suffix=-9 --program-prefix=x86_64-linux-gnu- --enable-shared --enable-linker-build-id --libexecdir=/usr/lib --without-included-gettext --enable-threads=posix --libdir=/usr/lib --enable-nls --enable-clocale=gnu --enable-libstdcxx-debug --enable-libstdcxx-time=yes --with-default-libstdcxx-abi=new --enable-gnu-unique-object --disable-vtable-verify --enable-plugin --enable-default-pie --with-system-zlib --with-target-system-zlib=auto --enable-objc-gc=auto --enable-multiarch --disable-werror --with-arch-32=i686 --with-abi=m64 --with-multilib-list=m32 m64 mx32 --enable-multilib --with-tune=generic --enable-offload-targets=nvptx-none hsa --without-cuda-driver --enable-checking=release --build=x86_64-linux-gnu --host=x86_64-linux-gnu --target=x86_64-linux-gnu]
  ignore line: [Thread model: posix]
  ignore line: [gcc version 9.3.0 (Ubuntu 9.3.0-10ubuntu2) ]
  ignore line: [COLLECT_GCC_OPTIONS='-std=c99' '-v' '-o' 'CMakeFiles/cmTC_944a6.dir/CMakeCCompilerABI.c.o' '-c' '-mtune=generic' '-march=x86-64']
  ignore line: [ /usr/lib/gcc/x86_64-linux-gnu/9/cc1 -quiet -v -imultiarch x86_64-linux-gnu /usr/share/cmake-3.16/Modules/CMakeCCompilerABI.c -quiet -dumpbase CMakeCCompilerABI.c -mtune=generic -march=x86-64 -auxbase-strip CMakeFiles/cmTC_944a6.dir/CMakeCCompilerABI.c.o -std=c99 -version -fasynchronous-unwind-tables -fstack-protector-strong -Wformat -Wformat-security -fstack-clash-protection -fcf-protection -o /tmp/cc4QBriv.s]
  ignore line: [GNU C99 (Ubuntu 9.3.0-10ubuntu2) version 9.3.0 (x86_64-linux-gnu)]
  ignore line: [	compiled by GNU C version 9.3.0  GMP version 6.2.0  MPFR version 4.0.2  MPC version 1.1.0  isl version isl-0.22.1-GMP]
  ignore line: []
  ignore line: [GGC heuristics: --param ggc-min-expand=100 --param ggc-min-heapsize=131072]
  ignore line: [ignoring nonexistent directory "/usr/local/include/x86_64-linux-gnu"]
  ignore line: [ignoring nonexistent directory "/usr/lib/gcc/x86_64-linux-gnu/9/include-fixed"]
  ignore line: [ignoring nonexistent directory "/usr/lib/gcc/x86_64-linux-gnu/9/../../../../x86_64-linux-gnu/include"]
  ignore line: [#include "..." search starts here:]
  ignore line: [#include <...> search starts here:]
  ignore line: [ /usr/lib/gcc/x86_64-linux-gnu/9/include]
  ignore line: [ /usr/local/include]
  ignore line: [ /usr/include/x86_64-linux-gnu]
  ignore line: [ /usr/include]
  ignore line: [End of search list.]
  ignore line: [GNU C99 (Ubuntu 9.3.0-10ubuntu2) version 9.3.0 (x86_64-linux-gnu)]
  ignore line: [	compiled by GNU C version 9.3.0  GMP version 6.2.0  MPFR version 4.0.2  MPC version 1.1.0  isl version isl-0.22.1-GMP]
  ignore line: []
  ignore line: [GGC heuristics: --param ggc-min-expand=100 --param ggc-min-heapsize=131072]
  ignore line: [Compiler executable checksum: 18dc4c39b54390aa2b5013fb4339d43f]
  ignore line: [COLLECT_GCC_OPTIONS='-std=c99' '-v' '-o' 'CMakeFiles/cmTC_944a6.dir/CMakeCCompilerABI.c.o' '-c' '-mtune=generic' '-march=x86-64']
  ignore line: [ as -v --64 -o CMakeFiles/cmTC_944a6.dir/CMakeCCompilerABI.c.o /tmp/cc4QBriv.s]
  ignore line: [GNU assembler version 2.34 (x86_64-linux-gnu) using BFD version (GNU Binutils for Ubuntu) 2.34]
  ignore line: [COMPILER_PATH=/usr/lib/gcc/x86_64-linux-gnu/9/:/usr/lib/gcc/x86_64-linux-gnu/9/:/usr/lib/gcc/x86_64-linux-gnu/:/usr/lib/gcc/x86_64-linux-gnu/9/:/usr/lib/gcc/x86_64-linux-gnu/]
  ignore line: [LIBRARY_PATH=/usr/lib/gcc/x86_64-linux-gnu/9/:/usr/lib/gcc/x86_64-linux-gnu/9/../../../x86_64-linux-gnu/:/usr/lib/gcc/x86_64-linux-gnu/9/../../../../lib/:/lib/x86_64-linux-gnu/:/lib/../lib/:/usr/lib/x86_64-linux-gnu/:/usr/lib/../lib/:/usr/lib/gcc/x86_64-linux-gnu/9/../../../:/lib/:/usr/lib/]
  ignore line: [COLLECT_GCC_OPTIONS='-std=c99' '-v' '-o' 'CMakeFiles/cmTC_944a6.dir/CMakeCCompilerABI.c.o' '-c' '-mtune=generic' '-march=x86-64']
  ignore line: [[2/2] Linking C executable cmTC_944a6]
  ignore line: [Using built-in specs.]
  ignore line: [COLLECT_GCC=gcc]
  ignore line: [COLLECT_LTO_WRAPPER=/usr/lib/gcc/x86_64-linux-gnu/9/lto-wrapper]
  ignore line: [OFFLOAD_TARGET_NAMES=nvptx-none:hsa]
  ignore line: [OFFLOAD_TARGET_DEFAULT=1]
  ignore line: [Target: x86_64-linux-gnu]
  ignore line: [Configured with: ../src/configure -v --with-pkgversion='Ubuntu 9.3.0-10ubuntu2' --with-bugurl=file:///usr/share/doc/gcc-9/README.Bugs --enable-languages=c ada c++ go brig d fortran objc obj-c++ gm2 --prefix=/usr --with-gcc-major-version-only --program-suffix=-9 --program-prefix=x86_64-linux-gnu- --enable-shared --enable-linker-build-id --libexecdir=/usr/lib --without-included-gettext --enable-threads=posix --libdir=/usr/lib --enable-nls --enable-clocale=gnu --enable-libstdcxx-debug --enable-libstdcxx-time=yes --with-default-libstdcxx-abi=new --enable-gnu-unique-object --disable-vtable-verify --enable-plugin --enable-default-pie --with-system-zlib --with-target-system-zlib=auto --enable-objc-gc=auto --enable-multiarch --disable-werror --with-arch-32=i686 --with-abi=m64 --with-multilib-list=m32 m64 mx32 --enable-multilib --with-tune=generic --enable-offload-targets=nvptx-none hsa --without-cuda-driver --enable-checking=release --build=x86_64-linux-gnu --host=x86_64-linux-gnu --target=x86_64-linux-gnu]
  ignore line: [Thread model: posix]
  ignore line: [gcc version 9.3.0 (Ubuntu 9.3.0-10ubuntu2) ]
  ignore line: [COMPILER_PATH=/usr/lib/gcc/x86_64-linux-gnu/9/:/usr/lib/gcc/x86_64-linux-gnu/9/:/usr/lib/gcc/x86_64-linux-gnu/:/usr/lib/gcc/x86_64-linux-gnu/9/:/usr/lib/gcc/x86_64-linux-gnu/]
  ignore line: [LIBRARY_PATH=/usr/lib/gcc/x86_64-linux-gnu/9/:/usr/lib/gcc/x86_64-linux-gnu/9/../../../x86_64-linux-gnu/:/usr/lib/gcc/x86_64-linux-gnu/9/../../../../lib/:/lib/x86_64-linux-gnu/:/lib/../lib/:/usr/lib/x86_64-linux-gnu/:/usr/lib/../lib/:/usr/lib/gcc/x86_64-linux-gnu/9/../../../:/lib/:/usr/lib/]
  ignore line: [COLLECT_GCC_OPTIONS='-std=c99' '-v' '-o' 'cmTC_944a6' '-mtune=generic' '-march=x86-64']
  link line: [ /usr/lib/gcc/x86_64-linux-gnu/9/collect2 -plugin /usr/lib/gcc/x86_64-linux-gnu/9/liblto_plugin.so -plugin-opt=/usr/lib/gcc/x86_64-linux-gnu/9/lto-wrapper -plugin-opt=-fresolution=/tmp/ccMBEeUS.res -plugin-opt=-pass-through=-lgcc -plugin-opt=-pass-through=-lgcc_s -plugin-opt=-pass-through=-lc -plugin-opt=-pass-through=-lgcc -plugin-opt=-pass-through=-lgcc_s --build-id --eh-frame-hdr -m elf_x86_64 --hash-style=gnu --as-needed -dynamic-linker /lib64/ld-linux-x86-64.so.2 -pie -z now -z relro -o cmTC_944a6 /usr/lib/gcc/x86_64-linux-gnu/9/../../../x86_64-linux-gnu/Scrt1.o /usr/lib/gcc/x86_64-linux-gnu/9/../../../x86_64-linux-gnu/crti.o /usr/lib/gcc/x86_64-linux-gnu/9/crtbeginS.o -L/usr/lib/gcc/x86_64-linux-gnu/9 -L/usr/lib/gcc/x86_64-linux-gnu/9/../../../x86_64-linux-gnu -L/usr/lib/gcc/x86_64-linux-gnu/9/../../../../lib -L/lib/x86_64-linux-gnu -L/lib/../lib -L/usr/lib/x86_64-linux-gnu -L/usr/lib/../lib -L/usr/lib/gcc/x86_64-linux-gnu/9/../../.. CMakeFiles/cmTC_944a6.dir/CMakeCCompilerABI.c.o -lgcc --push-state --as-needed -lgcc_s --pop-state -lc -lgcc --push-state --as-needed -lgcc_s --pop-state /usr/lib/gcc/x86_64-linux-gnu/9/crtendS.o /usr/lib/gcc/x86_64-linux-gnu/9/../../../x86_64-linux-gnu/crtn.o]
    arg [/usr/lib/gcc/x86_64-linux-gnu/9/collect2] ==> ignore
    arg [-plugin] ==> ignore
    arg [/usr/lib/gcc/x86_64-linux-gnu/9/liblto_plugin.so] ==> ignore
    arg [-plugin-opt=/usr/lib/gcc/x86_64-linux-gnu/9/lto-wrapper] ==> ignore
    arg [-plugin-opt=-fresolution=/tmp/ccMBEeUS.res] ==> ignore
    arg [-plugin-opt=-pass-through=-lgcc] ==> ignore
    arg [-plugin-opt=-pass-through=-lgcc_s] ==> ignore
    arg [-plugin-opt=-pass-through=-lc] ==> ignore
    arg [-plugin-opt=-pass-through=-lgcc] ==> ignore
    arg [-plugin-opt=-pass-through=-lgcc_s] ==> ignore
    arg [--build-id] ==> ignore
    arg [--eh-frame-hdr] ==> ignore
    arg [-m] ==> ignore
    arg [elf_x86_64] ==> ignore
    arg [--hash-style=gnu] ==> ignore
    arg [--as-needed] ==> ignore
    arg [-dynamic-linker] ==> ignore
    arg [/lib64/ld-linux-x86-64.so.2] ==> ignore
    arg [-pie] ==> ignore
    arg [-znow] ==> ignore
    arg [-zrelro] ==> ignore
    arg [-o] ==> ignore
    arg [cmTC_944a6] ==> ignore
    arg [/usr/lib/gcc/x86_64-linux-gnu/9/../../../x86_64-linux-gnu/Scrt1.o] ==> ignore
    arg [/usr/lib/gcc/x86_64-linux-gnu/9/../../../x86_64-linux-gnu/crti.o] ==> ignore
    arg [/usr/lib/gcc/x86_64-linux-gnu/9/crtbeginS.o] ==> ignore
    arg [-L/usr/lib/gcc/x86_64-linux-gnu/9] ==> dir [/usr/lib/gcc/x86_64-linux-gnu/9]
    arg [-L/usr/lib/gcc/x86_64-linux-gnu/9/../../../x86_64-linux-gnu] ==> dir [/usr/lib/gcc/x86_64-linux-gnu/9/../../../x86_64-linux-gnu]
    arg [-L/usr/lib/gcc/x86_64-linux-gnu/9/../../../../lib] ==> dir [/usr/lib/gcc/x86_64-linux-gnu/9/../../../../lib]
    arg [-L/lib/x86_64-linux-gnu] ==> dir [/lib/x86_64-linux-gnu]
    arg [-L/lib/../lib] ==> dir [/lib/../lib]
    arg [-L/usr/lib/x86_64-linux-gnu] ==> dir [/usr/lib/x86_64-linux-gnu]
    arg [-L/usr/lib/../lib] ==> dir [/usr/lib/../lib]
    arg [-L/usr/lib/gcc/x86_64-linux-gnu/9/../../..] ==> dir [/usr/lib/gcc/x86_64-linux-gnu/9/../../..]
    arg [CMakeFiles/cmTC_944a6.dir/CMakeCCompilerABI.c.o] ==> ignore
    arg [-lgcc] ==> lib [gcc]
    arg [--push-state] ==> ignore
    arg [--as-needed] ==> ignore
    arg [-lgcc_s] ==> lib [gcc_s]
    arg [--pop-state] ==> ignore
    arg [-lc] ==> lib [c]
    arg [-lgcc] ==> lib [gcc]
    arg [--push-state] ==> ignore
    arg [--as-needed] ==> ignore
    arg [-lgcc_s] ==> lib [gcc_s]
    arg [--pop-state] ==> ignore
    arg [/usr/lib/gcc/x86_64-linux-gnu/9/crtendS.o] ==> ignore
    arg [/usr/lib/gcc/x86_64-linux-gnu/9/../../../x86_64-linux-gnu/crtn.o] ==> ignore
  collapse library dir [/usr/lib/gcc/x86_64-linux-gnu/9] ==> [/usr/lib/gcc/x86_64-linux-gnu/9]
  collapse library dir [/usr/lib/gcc/x86_64-linux-gnu/9/../../../x86_64-linux-gnu] ==> [/usr/lib/x86_64-linux-gnu]
  collapse library dir [/usr/lib/gcc/x86_64-linux-gnu/9/../../../../lib] ==> [/usr/lib]
  collapse library dir [/lib/x86_64-linux-gnu] ==> [/lib/x86_64-linux-gnu]
  collapse library dir [/lib/../lib] ==> [/lib]
  collapse library dir [/usr/lib/x86_64-linux-gnu] ==> [/usr/lib/x86_64-linux-gnu]
  collapse library dir [/usr/lib/../lib] ==> [/usr/lib]
  collapse library dir [/usr/lib/gcc/x86_64-linux-gnu/9/../../..] ==> [/usr/lib]
  implicit libs: [gcc;gcc_s;c;gcc;gcc_s]
  implicit dirs: [/usr/lib/gcc/x86_64-linux-gnu/9;/usr/lib/x86_64-linux-gnu;/usr/lib;/lib/x86_64-linux-gnu;/lib]
  implicit fwks: []


Performing C SOURCE FILE Test FLAG_SUPPORTED_pedantic succeeded with the following output:
Change Dir: /home/neysofu/Projects/zorro/app/avenger/bin/CMakeFiles/CMakeTmp

Run Build Command(s):/usr/bin/ninja cmTC_9eb0c && [1/2] Building C object CMakeFiles/cmTC_9eb0c.dir/src.c.o
[2/2] Linking C executable cmTC_9eb0c


Source file was:
int main(void) { return 0; }
Performing C SOURCE FILE Test FLAG_SUPPORTED_Wall succeeded with the following output:
Change Dir: /home/neysofu/Projects/zorro/app/avenger/bin/CMakeFiles/CMakeTmp

Run Build Command(s):/usr/bin/ninja cmTC_e59a4 && [1/2] Building C object CMakeFiles/cmTC_e59a4.dir/src.c.o
[2/2] Linking C executable cmTC_e59a4


Source file was:
int main(void) { return 0; }
Performing C SOURCE FILE Test FLAG_SUPPORTED_Wextra succeeded with the following output:
Change Dir: /home/neysofu/Projects/zorro/app/avenger/bin/CMakeFiles/CMakeTmp

Run Build Command(s):/usr/bin/ninja cmTC_0b8ce && [1/2] Building C object CMakeFiles/cmTC_0b8ce.dir/src.c.o
[2/2] Linking C executable cmTC_0b8ce


Source file was:
int main(void) { return 0; }
Performing C SOURCE FILE Test FLAG_SUPPORTED_Werror succeeded with the following output:
Change Dir: /home/neysofu/Projects/zorro/app/avenger/bin/CMakeFiles/CMakeTmp

Run Build Command(s):/usr/bin/ninja cmTC_e8ef1 && [1/2] Building C object CMakeFiles/cmTC_e8ef1.dir/src.c.o
[2/2] Linking C executable cmTC_e8ef1


Source file was:
int main(void) { return 0; }
Performing C SOURCE FILE Test FLAG_SUPPORTED_Wstrictprototypes succeeded with the following output:
Change Dir: /home/neysofu/Projects/zorro/app/avenger/bin/CMakeFiles/CMakeTmp

Run Build Command(s):/usr/bin/ninja cmTC_95763 && [1/2] Building C object CMakeFiles/cmTC_95763.dir/src.c.o
[2/2] Linking C executable cmTC_95763


Source file was:
int main(void) { return 0; }
Performing C SOURCE FILE Test FLAG_SUPPORTED_Wwritestrings succeeded with the following output:
Change Dir: /home/neysofu/Projects/zorro/app/avenger/bin/CMakeFiles/CMakeTmp

Run Build Command(s):/usr/bin/ninja cmTC_5f3f5 && [1/2] Building C object CMakeFiles/cmTC_5f3f5.dir/src.c.o
[2/2] Linking C executable cmTC_5f3f5


Source file was:
int main(void) { return 0; }
Performing C SOURCE FILE Test FLAG_SUPPORTED_Wshadow succeeded with the following output:
Change Dir: /home/neysofu/Projects/zorro/app/avenger/bin/CMakeFiles/CMakeTmp

Run Build Command(s):/usr/bin/ninja cmTC_4b434 && [1/2] Building C object CMakeFiles/cmTC_4b434.dir/src.c.o
[2/2] Linking C executable cmTC_4b434


Source file was:
int main(void) { return 0; }
Performing C SOURCE FILE Test FLAG_SUPPORTED_Winitself succeeded with the following output:
Change Dir: /home/neysofu/Projects/zorro/app/avenger/bin/CMakeFiles/CMakeTmp

Run Build Command(s):/usr/bin/ninja cmTC_23c63 && [1/2] Building C object CMakeFiles/cmTC_23c63.dir/src.c.o
[2/2] Linking C executable cmTC_23c63


Source file was:
int main(void) { return 0; }
Performing C SOURCE FILE Test FLAG_SUPPORTED_Wcastalign succeeded with the following output:
Change Dir: /home/neysofu/Projects/zorro/app/avenger/bin/CMakeFiles/CMakeTmp

Run Build Command(s):/usr/bin/ninja cmTC_de1ea && [1/2] Building C object CMakeFiles/cmTC_de1ea.dir/src.c.o
[2/2] Linking C executable cmTC_de1ea


Source file was:
int main(void) { return 0; }
Performing C SOURCE FILE Test FLAG_SUPPORTED_Wformat2 succeeded with the following output:
Change Dir: /home/neysofu/Projects/zorro/app/avenger/bin/CMakeFiles/CMakeTmp

Run Build Command(s):/usr/bin/ninja cmTC_c49b3 && [1/2] Building C object CMakeFiles/cmTC_c49b3.dir/src.c.o
[2/2] Linking C executable cmTC_c49b3


Source file was:
int main(void) { return 0; }
Performing C SOURCE FILE Test FLAG_SUPPORTED_Wmissingprototypes succeeded with the following output:
Change Dir: /home/neysofu/Projects/zorro/app/avenger/bin/CMakeFiles/CMakeTmp

Run Build Command(s):/usr/bin/ninja cmTC_133ff && [1/2] Building C object CMakeFiles/cmTC_133ff.dir/src.c.o
[2/2] Linking C executable cmTC_133ff


Source file was:
int main(void) { return 0; }
Performing C SOURCE FILE Test FLAG_SUPPORTED_Wstrictoverflow2 succeeded with the following output:
Change Dir: /home/neysofu/Projects/zorro/app/avenger/bin/CMakeFiles/CMakeTmp

Run Build Command(s):/usr/bin/ninja cmTC_358a9 && [1/2] Building C object CMakeFiles/cmTC_358a9.dir/src.c.o
[2/2] Linking C executable cmTC_358a9


Source file was:
int main(void) { return 0; }
Performing C SOURCE FILE Test FLAG_SUPPORTED_Wcastqual succeeded with the following output:
Change Dir: /home/neysofu/Projects/zorro/app/avenger/bin/CMakeFiles/CMakeTmp

Run Build Command(s):/usr/bin/ninja cmTC_9d42c && [1/2] Building C object CMakeFiles/cmTC_9d42c.dir/src.c.o
[2/2] Linking C executable cmTC_9d42c


Source file was:
int main(void) { return 0; }
Performing C SOURCE FILE Test FLAG_SUPPORTED_Wundef succeeded with the following output:
Change Dir: /home/neysofu/Projects/zorro/app/avenger/bin/CMakeFiles/CMakeTmp

Run Build Command(s):/usr/bin/ninja cmTC_f1c42 && [1/2] Building C object CMakeFiles/cmTC_f1c42.dir/src.c.o
[2/2] Linking C executable cmTC_f1c42


Source file was:
int main(void) { return 0; }
Performing C SOURCE FILE Test FLAG_SUPPORTED_Wswitchdefault succeeded with the following output:
Change Dir: /home/neysofu/Projects/zorro/app/avenger/bin/CMakeFiles/CMakeTmp

Run Build Command(s):/usr/bin/ninja cmTC_b29a3 && [1/2] Building C object CMakeFiles/cmTC_b29a3.dir/src.c.o
[2/2] Linking C executable cmTC_b29a3


Source file was:
int main(void) { return 0; }
Performing C SOURCE FILE Test FLAG_SUPPORTED_Wconversion succeeded with the following output:
Change Dir: /home/neysofu/Projects/zorro/app/avenger/bin/CMakeFiles/CMakeTmp

Run Build Command(s):/usr/bin/ninja cmTC_07910 && [1/2] Building C object CMakeFiles/cmTC_07910.dir/src.c.o
[2/2] Linking C executable cmTC_07910


Source file was:
int main(void) { return 0; }
Performing C SOURCE FILE Test FLAG_SUPPORTED_Wccompat succeeded with the following output:
Change Dir: /home/neysofu/Projects/zorro/app/avenger/bin/CMakeFiles/CMakeTmp

Run Build Command(s):/usr/bin/ninja cmTC_6bbfd && [1/2] Building C object CMakeFiles/cmTC_6bbfd.dir/src.c.o
[2/2] Linking C executable cmTC_6bbfd


Source file was:
int main(void) { return 0; }
Performing C SOURCE FILE Test FLAG_SUPPORTED_fstackprotectorstrong succeeded with the following output:
Change Dir: /home/neysofu/Projects/zorro/app/avenger/bin/CMakeFiles/CMakeTmp

Run Build Command(s):/usr/bin/ninja cmTC_fb359 && [1/2] Building C object CMakeFiles/cmTC_fb359.dir/src.c.o
[2/2] Linking C executable cmTC_fb359


Source file was:
int main(void) { return 0; }
Performing C SOURCE FILE Test FLAG_SUPPORTED_Wdoublepromotion succeeded with the following output:
Change Dir: /home/neysofu/Projects/zorro/app/avenger/bin/CMakeFiles/CMakeTmp

Run Build Command(s):/usr/bin/ninja cmTC_8dfaa && [1/2] Building C object CMakeFiles/cmTC_8dfaa.dir/src.c.o
[2/2] Linking C executable cmTC_8dfaa


Source file was:
int main(void) { return 0; }
Performing C SOURCE FILE Test FLAG_SUPPORTED_Wparentheses succeeded with the following output:
Change Dir: /home/neysofu/Projects/zorro/app/avenger/bin/CMakeFiles/CMakeTmp

Run Build Command(s):/usr/bin/ninja cmTC_5edeb && [1/2] Building C object CMakeFiles/cmTC_5edeb.dir/src.c.o
[2/2] Linking C executable cmTC_5edeb


Source file was:
int main(void) { return 0; }
Performing C SOURCE FILE Test FLAG_SUPPORTED_Wformatoverflow succeeded with the following output:
Change Dir: /home/neysofu/Projects/zorro/app/avenger/bin/CMakeFiles/CMakeTmp

Run Build Command(s):/usr/bin/ninja cmTC_08c80 && [1/2] Building C object CMakeFiles/cmTC_08c80.dir/src.c.o
[2/2] Linking C executable cmTC_08c80


Source file was:
int main(void) { return 0; }
Performing C SOURCE FILE Test FLAG_SUPPORTED_Wunusedmacros succeeded with the following output:
Change Dir: /home/neysofu/Projects/zorro/app/avenger/bin/CMakeFiles/CMakeTmp

Run Build Command(s):/usr/bin/ninja cmTC_9e19f && [1/2] Building C object CMakeFiles/cmTC_9e19f.dir/src.c.o
[2/2] Linking C executable cmTC_9e19f


Source file was:
int main(void) { return 0; }
Performing C SOURCE FILE Test FLAG_SUPPORTED_Wswitchenum succeeded with the following output:
Change Dir: /home/neysofu/Projects/zorro/app/avenger/bin/CMakeFiles/CMakeTmp

Run Build Command(s):/usr/bin/ninja cmTC_52bbd && [1/2] Building C object CMakeFiles/cmTC_52bbd.dir/src.c.o
[2/2] Linking C executable cmTC_52bbd


Source file was:
int main(void) { return 0; }
Performing C SOURCE FILE Test FLAG_SUPPORTED_fvisibilityhidden succeeded with the following output:
Change Dir: /home/neysofu/Projects/zorro/app/avenger/bin/CMakeFiles/CMakeTmp

Run Build Command(s):/usr/bin/ninja cmTC_93b6e && [1/2] Building C object CMakeFiles/cmTC_93b6e.dir/src.c.o
[2/2] Linking C executable cmTC_93b6e


Source file was:
int main(void) { return 0; }
Determining if the include file sys/types.h exists passed with the following output:
Change Dir: /home/neysofu/Projects/zorro/app/avenger/bin/CMakeFiles/CMakeTmp

Run Build Command(s):/usr/bin/ninja cmTC_f86d4 && [1/2] Building C object CMakeFiles/cmTC_f86d4.dir/CheckIncludeFile.c.o
[2/2] Linking C executable cmTC_f86d4



Determining if the include file stdint.h exists passed with the following output:
Change Dir: /home/neysofu/Projects/zorro/app/avenger/bin/CMakeFiles/CMakeTmp

Run Build Command(s):/usr/bin/ninja cmTC_2db54 && [1/2] Building C object CMakeFiles/cmTC_2db54.dir/CheckIncludeFile.c.o
[2/2] Linking C executable cmTC_2db54



Determining if the include file stddef.h exists passed with the following output:
Change Dir: /home/neysofu/Projects/zorro/app/avenger/bin/CMakeFiles/CMakeTmp

Run Build Command(s):/usr/bin/ninja cmTC_4f1dc && [1/2] Building C object CMakeFiles/cmTC_4f1dc.dir/CheckIncludeFile.c.o
[2/2] Linking C executable cmTC_4f1dc



Determining size of void * passed with the following output:
Change Dir: /home/neysofu/Projects/zorro/app/avenger/bin/CMakeFiles/CMakeTmp

Run Build Command(s):/usr/bin/ninja cmTC_418da && [1/2] Building C object CMakeFiles/cmTC_418da.dir/PLIBSYS_SIZEOF_VOID_P.c.o
[2/2] Linking C executable cmTC_418da



Determining size of size_t passed with the following output:
Change Dir: /home/neysofu/Projects/zorro/app/avenger/bin/CMakeFiles/CMakeTmp

Run Build Command(s):/usr/bin/ninja cmTC_52965 && [1/2] Building C object CMakeFiles/cmTC_52965.dir/PLIBSYS_SIZEOF_SIZE_T.c.o
[2/2] Linking C executable cmTC_52965



Determining size of long passed with the following output:
Change Dir: /home/neysofu/Projects/zorro/app/avenger/bin/CMakeFiles/CMakeTmp

Run Build Command(s):/usr/bin/ninja cmTC_71ec5 && [1/2] Building C object CMakeFiles/cmTC_71ec5.dir/PLIBSYS_SIZEOF_LONG.c.o
[2/2] Linking C executable cmTC_71ec5



Performing C SOURCE FILE Test PLIBSYS_ATOMIC_IMPL_GCCATOMIC succeeded with the following output:
Change Dir: /home/neysofu/Projects/zorro/app/avenger/bin/CMakeFiles/CMakeTmp

Run Build Command(s):/usr/bin/ninja cmTC_5acad && [1/2] Building C object CMakeFiles/cmTC_5acad.dir/src.c.o
src.c: In function ‘main’:
src.c:1:5: warning: old-style function definition [-Wold-style-definition]
    1 | int main () {
      |     ^~~~
[2/2] Linking C executable cmTC_5acad


Source file was:
int main () {
                                          int i, tmp_int = 0;
                                          void *ptr, *tmp_ptr = 0;
                                          __atomic_store_4 (&i, 0, __ATOMIC_SEQ_CST);
                                          __atomic_compare_exchange_n (&i, &tmp_int, 1, 0,
                                                                       __ATOMIC_SEQ_CST, __ATOMIC_SEQ_CST);
                                          __atomic_compare_exchange_n ((unsigned long long *) &ptr,
                                                                       (unsigned long long *) &tmp_ptr,
                                                                       (unsigned long long) 1, 0,
                                                                       __ATOMIC_SEQ_CST, __ATOMIC_SEQ_CST);
                                          __atomic_fetch_add (&i, 1, __ATOMIC_SEQ_CST);
                                          return 0;
                                         }
Determining size of unsigned short passed with the following output:
Change Dir: /home/neysofu/Projects/zorro/app/avenger/bin/CMakeFiles/CMakeTmp

Run Build Command(s):/usr/bin/ninja cmTC_5c208 && [1/2] Building C object CMakeFiles/cmTC_5c208.dir/CMAKE_SIZEOF_UNSIGNED_SHORT.c.o
[2/2] Linking C executable cmTC_5c208



Determining if the system is big endian passed with the following output:
Change Dir: /home/neysofu/Projects/zorro/app/avenger/bin/CMakeFiles/CMakeTmp

Run Build Command(s):/usr/bin/ninja cmTC_63f18 && [1/2] Building C object CMakeFiles/cmTC_63f18.dir/TestEndianess.c.o
[2/2] Linking C executable cmTC_63f18


TestEndianess.c:
/* A 16 bit integer is required. */
typedef unsigned short cmakeint16;

/* On a little endian machine, these 16bit ints will give "THIS IS LITTLE ENDIAN."
   On a big endian machine the characters will be exchanged pairwise. */
const cmakeint16 info_little[] =  {0x4854, 0x5349, 0x4920, 0x2053, 0x494c, 0x5454, 0x454c, 0x4520, 0x444e, 0x4149, 0x2e4e, 0x0000};

/* on a big endian machine, these 16bit ints will give "THIS IS BIG ENDIAN."
   On a little endian machine the characters will be exchanged pairwise. */
const cmakeint16 info_big[] =     {0x5448, 0x4953, 0x2049, 0x5320, 0x4249, 0x4720, 0x454e, 0x4449, 0x414e, 0x2e2e, 0x0000};

#ifdef __CLASSIC_C__
int main(argc, argv) int argc; char *argv[];
#else
int main(int argc, char *argv[])
#endif
{
  int require = 0;
  require += info_little[argc];
  require += info_big[argc];
  (void)argv;
  return require;
}


Determining if the include file float.h exists passed with the following output:
Change Dir: /home/neysofu/Projects/zorro/app/avenger/bin/CMakeFiles/CMakeTmp

Run Build Command(s):/usr/bin/ninja cmTC_e650d && [1/2] Building C object CMakeFiles/cmTC_e650d.dir/CheckIncludeFile.c.o
[2/2] Linking C executable cmTC_e650d



Determining if the include file values.h exists passed with the following output:
Change Dir: /home/neysofu/Projects/zorro/app/avenger/bin/CMakeFiles/CMakeTmp

Run Build Command(s):/usr/bin/ninja cmTC_f2091 && [1/2] Building C object CMakeFiles/cmTC_f2091.dir/CheckIncludeFile.c.o
[2/2] Linking C executable cmTC_f2091



Determining if the include file limits.h exists passed with the following output:
Change Dir: /home/neysofu/Projects/zorro/app/avenger/bin/CMakeFiles/CMakeTmp

Run Build Command(s):/usr/bin/ninja cmTC_fdc36 && [1/2] Building C object CMakeFiles/cmTC_fdc36.dir/CheckIncludeFile.c.o
[2/2] Linking C executable cmTC_fdc36



Performing C SOURCE FILE Test PLIBSYS_HAS_CLOCKNANOSLEEP succeeded with the following output:
Change Dir: /home/neysofu/Projects/zorro/app/avenger/bin/CMakeFiles/CMakeTmp

Run Build Command(s):/usr/bin/ninja cmTC_ce303 && [1/2] Building C object CMakeFiles/cmTC_ce303.dir/src.c.o
src.c: In function ‘main’:
src.c:2:38: warning: old-style function definition [-Wold-style-definition]
    2 |                                  int main () {
      |                                      ^~~~
src.c:4:41: warning: implicit declaration of function ‘clock_nanosleep’ [-Wimplicit-function-declaration]
    4 |                                         clock_nanosleep (CLOCK_MONOTONIC, 0, &time_sp, NULL);
      |                                         ^~~~~~~~~~~~~~~
[2/2] Linking C executable cmTC_ce303


Source file was:
#include <time.h>
                                 int main () {
                                        struct timespec time_sp = {0, 500000000L};
                                        clock_nanosleep (CLOCK_MONOTONIC, 0, &time_sp, NULL);
                                        return 0;
                                 }
Performing C SOURCE FILE Test PLIBSYS_HAS_NANOSLEEP succeeded with the following output:
Change Dir: /home/neysofu/Projects/zorro/app/avenger/bin/CMakeFiles/CMakeTmp

Run Build Command(s):/usr/bin/ninja cmTC_57e2c && [1/2] Building C object CMakeFiles/cmTC_57e2c.dir/src.c.o
src.c: In function ‘main’:
src.c:2:38: warning: old-style function definition [-Wold-style-definition]
    2 |                                  int main () {
      |                                      ^~~~
[2/2] Linking C executable cmTC_57e2c


Source file was:
#include <time.h>
                                 int main () {
                                        struct timespec time_sp = {0, 500000000L};
                                        nanosleep (&time_sp, NULL);
                                        return 0;
                                 }
Performing C SOURCE FILE Test PLIBSYS_HAS_GETADDRINFO succeeded with the following output:
Change Dir: /home/neysofu/Projects/zorro/app/avenger/bin/CMakeFiles/CMakeTmp

Run Build Command(s):/usr/bin/ninja cmTC_95ce0 && [1/2] Building C object CMakeFiles/cmTC_95ce0.dir/src.c.o
src.c: In function ‘main’:
src.c:3:38: warning: old-style function definition [-Wold-style-definition]
    3 |                                  int main () {
      |                                      ^~~~
src.c:4:41: warning: implicit declaration of function ‘getaddrinfo’ [-Wimplicit-function-declaration]
    4 |                                         getaddrinfo (0, 0, 0, 0);
      |                                         ^~~~~~~~~~~
src.c:5:41: warning: implicit declaration of function ‘freeaddrinfo’ [-Wimplicit-function-declaration]
    5 |                                         freeaddrinfo (0);
      |                                         ^~~~~~~~~~~~
[2/2] Linking C executable cmTC_95ce0


Source file was:
#include <sys/socket.h>
                                  #include <netdb.h>
                                 int main () {
                                        getaddrinfo (0, 0, 0, 0);
                                        freeaddrinfo (0);

                                        return 0;
                                 }
Performing C SOURCE FILE Test PLIBSYS_HAS_POSIX_SCHEDULING succeeded with the following output:
Change Dir: /home/neysofu/Projects/zorro/app/avenger/bin/CMakeFiles/CMakeTmp

Run Build Command(s):/usr/bin/ninja cmTC_c29fe && [1/2] Building C object CMakeFiles/cmTC_c29fe.dir/src.c.o
src.c: In function ‘main’:
src.c:5:38: warning: old-style function definition [-Wold-style-definition]
    5 |                                  int main () {
      |                                      ^~~~
[2/2] Linking C executable cmTC_c29fe


Source file was:
#include <unistd.h>
                                  #include <pthread.h>
                                  #include <sched.h>

                                 int main () {
                                        #if defined (_POSIX_THREAD_PRIORITY_SCHEDULING) && (_POSIX_THREAD_PRIORITY_SCHEDULING - 0 >= 0)
                                          sched_get_priority_min (0);
                                          sched_get_priority_max (0);
                                        #else
                                          stop_compile_here
                                        #endif
                                        return 0;
                                 }
Performing C SOURCE FILE Test PLIBSYS_HAS_POSIX_STACKSIZE succeeded with the following output:
Change Dir: /home/neysofu/Projects/zorro/app/avenger/bin/CMakeFiles/CMakeTmp

Run Build Command(s):/usr/bin/ninja cmTC_2207b && [1/2] Building C object CMakeFiles/cmTC_2207b.dir/src.c.o
src.c: In function ‘main’:
src.c:3:38: warning: old-style function definition [-Wold-style-definition]
    3 |                                  int main () {
      |                                      ^~~~
[2/2] Linking C executable cmTC_2207b


Source file was:
#include <pthread.h>

                                 int main () {
                                        pthread_attr_t attr;

                                        pthread_attr_setstacksize (&attr, 0);
                                        return 0;
                                 }
Performing C SOURCE FILE Test PLIBSYS_HAS_SOCKLEN_T succeeded with the following output:
Change Dir: /home/neysofu/Projects/zorro/app/avenger/bin/CMakeFiles/CMakeTmp

Run Build Command(s):/usr/bin/ninja cmTC_64831 && [1/2] Building C object CMakeFiles/cmTC_64831.dir/src.c.o
src.c: In function ‘main’:
src.c:4:31: warning: old-style function definition [-Wold-style-definition]
    4 |                           int main () {
      |                               ^~~~
[2/2] Linking C executable cmTC_64831


Source file was:
#include <sys/types.h>
                                      #include <sys/socket.h>
                                      #include <netinet/in.h>
                          int main () {
                                socklen_t len = sizeof (socklen_t);
                                return len > 0 ? 0 : -1;
                          }
Performing C SOURCE FILE Test PLIBSYS_HAS_SOCKADDR_STORAGE succeeded with the following output:
Change Dir: /home/neysofu/Projects/zorro/app/avenger/bin/CMakeFiles/CMakeTmp

Run Build Command(s):/usr/bin/ninja cmTC_e8c33 && [1/2] Building C object CMakeFiles/cmTC_e8c33.dir/src.c.o
src.c: In function ‘main’:
src.c:4:31: warning: old-style function definition [-Wold-style-definition]
    4 |                           int main () {
      |                               ^~~~
src.c:5:57: warning: variable ‘sock_addr’ set but not used [-Wunused-but-set-variable]
    5 |                                 struct sockaddr_storage sock_addr;
      |                                                         ^~~~~~~~~
[2/2] Linking C executable cmTC_e8c33


Source file was:
#include <sys/types.h>
                                      #include <sys/socket.h>
                                      #include <netinet/in.h>
                          int main () {
                                struct sockaddr_storage sock_addr;
                                sock_addr.ss_family = AF_INET;

                                return 0;
                          }
Performing C SOURCE FILE Test PLIBSYS_SOCKADDR_IN6_HAS_SCOPEID succeeded with the following output:
Change Dir: /home/neysofu/Projects/zorro/app/avenger/bin/CMakeFiles/CMakeTmp

Run Build Command(s):/usr/bin/ninja cmTC_fe085 && [1/2] Building C object CMakeFiles/cmTC_fe085.dir/src.c.o
src.c: In function ‘main’:
src.c:4:31: warning: old-style function definition [-Wold-style-definition]
    4 |                           int main () {
      |                               ^~~~
src.c:5:53: warning: variable ‘sock_addr’ set but not used [-Wunused-but-set-variable]
    5 |                                 struct sockaddr_in6 sock_addr;
      |                                                     ^~~~~~~~~
[2/2] Linking C executable cmTC_fe085


Source file was:
#include <sys/types.h>
                                      #include <sys/socket.h>
                                      #include <netinet/in.h>
                          int main () {
                                struct sockaddr_in6 sock_addr;
                                sock_addr.sin6_scope_id = 0;

                                return 0;
                          }
Performing C SOURCE FILE Test PLIBSYS_SOCKADDR_IN6_HAS_FLOWINFO succeeded with the following output:
Change Dir: /home/neysofu/Projects/zorro/app/avenger/bin/CMakeFiles/CMakeTmp

Run Build Command(s):/usr/bin/ninja cmTC_84c5b && [1/2] Building C object CMakeFiles/cmTC_84c5b.dir/src.c.o
src.c: In function ‘main’:
src.c:4:31: warning: old-style function definition [-Wold-style-definition]
    4 |                           int main () {
      |                               ^~~~
src.c:5:53: warning: variable ‘sock_addr’ set but not used [-Wunused-but-set-variable]
    5 |                                 struct sockaddr_in6 sock_addr;
      |                                                     ^~~~~~~~~
[2/2] Linking C executable cmTC_84c5b


Source file was:
#include <sys/types.h>
                                      #include <sys/socket.h>
                                      #include <netinet/in.h>
                          int main () {
                                struct sockaddr_in6 sock_addr;
                                sock_addr.sin6_flowinfo = 0;

                                return 0;
                          }
Determining size of ((struct sockaddr *) 0)->sa_family passed with the following output:
Change Dir: /home/neysofu/Projects/zorro/app/avenger/bin/CMakeFiles/CMakeTmp

Run Build Command(s):/usr/bin/ninja cmTC_4c41b && [1/2] Building C object CMakeFiles/cmTC_4c41b.dir/PLIBSYS_SIZEOF_SAFAMILY_T.c.o
[2/2] Linking C executable cmTC_4c41b



Performing C SOURCE FILE Test PLIBSYS_HAS_LLDIV succeeded with the following output:
Change Dir: /home/neysofu/Projects/zorro/app/avenger/bin/CMakeFiles/CMakeTmp

Run Build Command(s):/usr/bin/ninja cmTC_ac5b4 && [1/2] Building C object CMakeFiles/cmTC_ac5b4.dir/src.c.o
src.c:1: warning: macro "__USE_ISOC99" is not used [-Wunused-macros]
    1 | #define __USE_ISOC99
      | 
src.c: In function ‘main’:
src.c:3:31: warning: old-style function definition [-Wold-style-definition]
    3 |                           int main () {
      |                               ^~~~
src.c:4:41: warning: variable ‘res’ set but not used [-Wunused-but-set-variable]
    4 |                                 lldiv_t res = lldiv (100LL, 13LL);
      |                                         ^~~
[2/2] Linking C executable cmTC_ac5b4


Source file was:
#define __USE_ISOC99
                          #include <stdlib.h>
                          int main () {
                                lldiv_t res = lldiv (100LL, 13LL);
                                res.quot = 0;
                                res.rem = 0;

                                return 0;
                          }
Performing C SOURCE FILE Test PLIBSYS_HAS_CLANG_VISIBILITY succeeded with the following output:
Change Dir: /home/neysofu/Projects/zorro/app/avenger/bin/CMakeFiles/CMakeTmp

Run Build Command(s):/usr/bin/ninja cmTC_c4dcb && [1/2] Building C object CMakeFiles/cmTC_c4dcb.dir/src.c.o
src.c: In function ‘main’:
src.c:1:5: warning: old-style function definition [-Wold-style-definition]
    1 | int main () {
      |     ^~~~
[2/2] Linking C executable cmTC_c4dcb


Source file was:
int main () {
                                        #if defined(__has_attribute) && __has_attribute(visibility)
                                        return 0;
                                        #else
                                        stop_compile_here
                                        #endif
                                 }
Determining if the include file stdarg.h exists passed with the following output:
Change Dir: /home/neysofu/Projects/zorro/app/avenger/bin/CMakeFiles/CMakeTmp

Run Build Command(s):/usr/bin/ninja cmTC_518e4 && [1/2] Building C object CMakeFiles/cmTC_518e4.dir/CheckIncludeFile.c.o
[2/2] Linking C executable cmTC_518e4



Performing C SOURCE FILE Test PLIBSYS_va_copy succeeded with the following output:
Change Dir: /home/neysofu/Projects/zorro/app/avenger/bin/CMakeFiles/CMakeTmp

Run Build Command(s):/usr/bin/ninja cmTC_e0876 && [1/2] Building C object CMakeFiles/cmTC_e0876.dir/src.c.o
src.c: In function ‘f’:
src.c:11:29: warning: implicit declaration of function ‘exit’ [-Wimplicit-function-declaration]
   11 |                             exit (1);
      |                             ^~~~
src.c:11:29: warning: incompatible implicit declaration of built-in function ‘exit’
src.c:4:1: note: include ‘<stdlib.h>’ or provide a declaration of ‘exit’
    3 |                      #include <stdarg.h>
  +++ |+#include <stdlib.h>
    4 | 
src.c: In function ‘main’:
src.c:17:26: warning: old-style function definition [-Wold-style-definition]
   17 |                      int main() {
      |                          ^~~~
src.c:19:25: warning: incompatible implicit declaration of built-in function ‘exit’
   19 |                         exit(0);
      |                         ^~~~
src.c:19:25: note: include ‘<stdlib.h>’ or provide a declaration of ‘exit’
[2/2] Linking C executable cmTC_e0876


Source file was:

                     #include <stdio.h>
                     #include <stdarg.h>

                     void f (int i, ...) {
                        va_list args1, args2;

                        va_start (args1, i);
                        va_copy(args2, args1);
                        if (va_arg (args2, int) != 42 || va_arg (args1, int) != 42) {
                            exit (1);
                        }
                        va_end (args1);
                        va_end (args2);
                     }

                     int main() {
                        f (0, 42);
                        exit(0);
                     }
